Building DAG of jobs...
Using shell: /usr/bin/bash
Provided cluster nodes: 1
Job counts:
	count	jobs
	1	filter_qc
	1	final_phenofile
	2

[Sun Mar 14 18:13:09 2021]
rule filter_qc:
    input: /home/projects/cu_10039/people/bartho/warfarin/data/ukb/raw/ukb_sqc_v2.txt.gz, /home/projects/cu_10039/people/bartho/warfarin/data/ukb/raw/ukb_sqc_v2.header.txt.gz, /home/projects/cu_10039/people/bartho/warfarin/data/ukb/raw/ukb_43247_cal_chr1_v2_s488282.fam, /home/projects/cu_10039/people/bartho/warfarin/data/ukb/raw/ukb_geneticSampleLevel_QCs_190527.tsv.gz
    output: /home/projects/cu_10039/people/bartho/warfarin/data/ukb/temp/03_qc_filtered.txt, /home/projects/cu_10039/people/bartho/warfarin/results/03_qc_filter_info.txt
    jobid: 3

Submitted job 3 with external jobid '31151640'.
[Sun Mar 14 18:13:39 2021]
Error in rule filter_qc:
    jobid: 3
    output: /home/projects/cu_10039/people/bartho/warfarin/data/ukb/temp/03_qc_filtered.txt, /home/projects/cu_10039/people/bartho/warfarin/results/03_qc_filter_info.txt
    cluster_jobid: 31151640

Error executing rule filter_qc on cluster (jobid: 3, external: 31151640, jobscript: /home/projects/cu_10039/people/bartho/warfarin/snakemake/.snakemake/tmp.oh8lrrnw/snakejob.filter_qc.3.sh). For error details see the cluster log and the log files of the involved rule(s).
Shutting down, this might take some time.
Exiting because a job execution failed. Look above for error message
Complete log: /home/projects/cu_10039/people/bartho/warfarin/snakemake/.snakemake/log/2021-03-14T181307.195677.snakemake.log
