Building DAG of jobs...
Using shell: /usr/bin/bash
Provided cluster nodes: 1
Job counts:
	count	jobs
	1	filter_qc
	1	final_phenofile
	1	metadata
	1	phenotype
	4

[Sun Mar 14 17:21:58 2021]
rule phenotype:
    input: /home/projects/cu_10039/people/bartho/warfarin/data/ukb/raw/ukb_gp_scripts.txt
    output: /home/projects/cu_10039/people/bartho/warfarin/data/ukb/temp/01_warf_phenotype.txt
    jobid: 1

Submitted job 1 with external jobid '31151148'.
[Sun Mar 14 17:29:59 2021]
Finished job 1.
1 of 4 steps (25%) done

[Sun Mar 14 17:29:59 2021]
rule metadata:
    input: /home/projects/cu_10039/people/bartho/warfarin/data/ukb/raw/ukb_27581.all_fields.h5
    output: /home/projects/cu_10039/people/bartho/warfarin/data/ukb/temp/02_extracted_metadata.txt
    jobid: 2

Submitted job 2 with external jobid '31151279'.
[Sun Mar 14 17:31:19 2021]
Error in rule metadata:
    jobid: 2
    output: /home/projects/cu_10039/people/bartho/warfarin/data/ukb/temp/02_extracted_metadata.txt
    cluster_jobid: 31151279

Error executing rule metadata on cluster (jobid: 2, external: 31151279, jobscript: /home/projects/cu_10039/people/bartho/warfarin/snakemake/.snakemake/tmp.a8dkv4fa/snakejob.metadata.2.sh). For error details see the cluster log and the log files of the involved rule(s).
Shutting down, this might take some time.
Exiting because a job execution failed. Look above for error message
Complete log: /home/projects/cu_10039/people/bartho/warfarin/snakemake/.snakemake/log/2021-03-14T172155.966422.snakemake.log
