Building DAG of jobs...
Using shell: /usr/bin/bash
Provided cluster nodes: 1
Job counts:
	count	jobs
	1	filter_qc
	1	final_phenofile
	2

[Sun Mar 14 18:33:41 2021]
rule filter_qc:
    input: /home/projects/cu_10039/people/bartho/warfarin/data/ukb/raw/ukb_sqc_v2.txt.gz, /home/projects/cu_10039/people/bartho/warfarin/data/ukb/raw/ukb_sqc_v2.header.txt.gz, /home/projects/cu_10039/people/bartho/warfarin/data/ukb/raw/ukb_43247_cal_chr1_v2_s488282.fam, /home/projects/cu_10039/people/bartho/warfarin/data/ukb/raw/ukb_geneticSampleLevel_QCs_190527.tsv.gz, /home/projects/cu_10039/people/bartho/warfarin/data/ukb/raw/ukb_27581.all_fields.h5
    output: /home/projects/cu_10039/people/bartho/warfarin/data/ukb/temp/03_qc_filtered.txt, /home/projects/cu_10039/people/bartho/warfarin/results/03_qc_filter_info.txt
    jobid: 3

Submitted job 3 with external jobid '31151918'.
Waiting at most 5 seconds for missing files.
[Sun Mar 14 18:37:43 2021]
Finished job 3.
1 of 2 steps (50%) done

[Sun Mar 14 18:37:43 2021]
rule final_phenofile:
    input: /home/projects/cu_10039/people/bartho/warfarin/data/ukb/temp/01_warf_phenotype.txt, /home/projects/cu_10039/people/bartho/warfarin/data/ukb/temp/02_extracted_metadata.txt, /home/projects/cu_10039/people/bartho/warfarin/data/ukb/temp/03_qc_filtered.txt
    output: /home/projects/cu_10039/people/bartho/warfarin/data/ukb/temp/04_meta_qc_samples, /home/projects/cu_10039/people/bartho/warfarin/data/ukb/ukb_pheno.txt, /home/projects/cu_10039/people/bartho/warfarin/data/ukb/ukb_warf_subsample.txt
    jobid: 0

Submitted job 0 with external jobid '31151995'.
[Sun Mar 14 18:39:23 2021]
Finished job 0.
2 of 2 steps (100%) done
Complete log: /home/projects/cu_10039/people/bartho/warfarin/snakemake/.snakemake/log/2021-03-14T183340.192193.snakemake.log
